<?xml version="1.0" encoding="UTF-8"?>
<!-- Generated by org.testng.reporters.JUnitReportReporter -->
<testsuite hostname="DESKTOP-GV8RDT5" failures="0" tests="10" name="TestNG.Invocatiocount" time="0.029" errors="0" timestamp="14 Jan 2021 14:58:02 GMT" skipped="0">
  <testcase classname="TestNG.Invocatiocount" name="sum" time="0.002"/>
  <testcase classname="TestNG.Invocatiocount" name="sum" time="0.006"/>
  <testcase classname="TestNG.Invocatiocount" name="sum" time="0.005"/>
  <testcase classname="TestNG.Invocatiocount" name="sum" time="0.001"/>
  <testcase classname="TestNG.Invocatiocount" name="sum" time="0.002"/>
  <testcase classname="TestNG.Invocatiocount" name="sum" time="0.004"/>
  <testcase classname="TestNG.Invocatiocount" name="sum" time="0.005"/>
  <testcase classname="TestNG.Invocatiocount" name="sum" time="0.001"/>
  <testcase classname="TestNG.Invocatiocount" name="sum" time="0.001"/>
  <testcase classname="TestNG.Invocatiocount" name="sum" time="0.002"/>
</testsuite> <!-- TestNG.Invocatiocount -->
