<?xml version="1.0" encoding="UTF-8"?>
<!-- Generated by org.testng.reporters.JUnitReportReporter -->
<testsuite hostname="DESKTOP-GV8RDT5" failures="0" tests="2" name="TestNG.TestNGBasics" time="0.011" errors="0" timestamp="14 Jan 2021 13:09:18 GMT" skipped="0">
  <testcase classname="TestNG.TestNGBasics" name="Test2" time="0.003"/>
  <testcase classname="TestNG.TestNGBasics" name="Test1" time="0.008"/>
</testsuite> <!-- TestNG.TestNGBasics -->
