<?xml version="1.0" encoding="UTF-8"?>
<!-- Generated by org.testng.reporters.JUnitReportReporter -->
<testsuite hostname="DESKTOP-GV8RDT5" failures="0" tests="3" name="TestNG.Prioritygrouping" time="0.023" errors="0" timestamp="14 Jan 2021 04:54:29 GMT" skipped="0">
  <testcase classname="TestNG.Prioritygrouping" name="Test1" time="0.013"/>
  <testcase classname="TestNG.Prioritygrouping" name="Test3" time="0.002"/>
  <testcase classname="TestNG.Prioritygrouping" name="Test2" time="0.008"/>
</testsuite> <!-- TestNG.Prioritygrouping -->
