<?xml version="1.0" encoding="UTF-8"?>
<!-- Generated by org.testng.reporters.JUnitReportReporter -->
<testsuite hostname="DESKTOP-GV8RDT5" failures="0" tests="3" name="TestNG.FailureScreenshot" time="6.798" errors="0" timestamp="23 Feb 2021 16:09:41 GMT" skipped="0">
  <testcase classname="TestNG.FailureScreenshot" name="TestingFailureScreenshot" time="0.021"/>
  <testcase classname="TestNG.FailureScreenshot" name="TestingFailureScreenshot2" time="0.002"/>
  <testcase classname="TestNG.FailureScreenshot" name="takesreenshot" time="6.775"/>
</testsuite> <!-- TestNG.FailureScreenshot -->
