<?xml version="1.0" encoding="UTF-8"?>
<!-- Generated by org.testng.reporters.JUnitReportReporter -->
<testsuite hostname="DESKTOP-GV8RDT5" failures="0" tests="2" name="TestNG.DataProvidersnew" time="14.526" errors="0" timestamp="21 Jul 2021 05:20:38 GMT" skipped="0">
  <testcase classname="TestNG.DataProvidersnew" name="checkDataProvider" time="6.611"/>
  <testcase classname="TestNG.DataProvidersnew" name="checkDataProvider" time="7.915"/>
</testsuite> <!-- TestNG.DataProvidersnew -->
