<?xml version="1.0" encoding="UTF-8"?>
<!-- Generated by org.testng.reporters.JUnitReportReporter -->
<testsuite hostname="DESKTOP-GV8RDT5" failures="0" tests="1" name="TestNG.ParametersTest" time="10.050" errors="0" timestamp="14 Jan 2021 18:01:20 GMT" skipped="0">
  <testcase classname="TestNG.ParametersTest" name="testing" time="10.050"/>
</testsuite> <!-- TestNG.ParametersTest -->
